<?xml version="1.0" encoding="UTF-8"?>
<!-- Generated by org.testng.reporters.JUnitReportReporter -->
<testsuite hostname="Lenovo" failures="0" tests="1" name="com.first.A" time="16.131" errors="0" timestamp="2023-12-14T00:46:51 IST" skipped="0">
  <testcase classname="com.first.A" name="test1" time="16.131"/>
  <system-out/>
</testsuite> <!-- com.first.A -->
