<?xml version="1.0" encoding="UTF-8"?>
<!-- Generated by org.testng.reporters.JUnitReportReporter -->
<testsuite hostname="Lenovo" failures="0" tests="1" name="com.first.A" time="71.859" errors="0" timestamp="2023-12-14T11:17:09 IST" skipped="0">
  <testcase classname="com.first.A" name="test1" time="71.859"/>
  <system-out/>
</testsuite> <!-- com.first.A -->
